<?xml version="1.0" encoding="UTF-8"?>
<!-- Generated by org.testng.reporters.JUnitReportReporter -->
<testsuite hostname="IN3234435W1" failures="0" tests="1" name="salesforce_assign.CreateEventTestNg" time="69.158" errors="0" timestamp="2022-05-20T17:10:20 IST" skipped="0">
  <testcase classname="salesforce_assign.CreateEventTestNg" name="test" time="69.158"/>
  <system-out/>
</testsuite> <!-- salesforce_assign.CreateEventTestNg -->
